d:\hacker\activity\taiwanholyhigh2021\infinityhookpro\infinity_hook_pro\tamperavdrv\x64\release\rootkit.obj
d:\hacker\activity\taiwanholyhigh2021\infinityhookpro\infinity_hook_pro\tamperavdrv\x64\release\main.obj
d:\hacker\activity\taiwanholyhigh2021\infinityhookpro\infinity_hook_pro\tamperavdrv\x64\release\hook.obj
d:\hacker\activity\taiwanholyhigh2021\infinityhookpro\infinity_hook_pro\tamperavdrv\x64\release\hde64.obj
d:\hacker\activity\taiwanholyhigh2021\infinityhookpro\infinity_hook_pro\tamperavdrv\x64\release\enumcallback.obj
d:\hacker\activity\taiwanholyhigh2021\tamperav\tamperavdrv\tamperavdrv\x64\release\rootkit.obj
d:\hacker\activity\taiwanholyhigh2021\tamperav\tamperavdrv\tamperavdrv\x64\release\main.obj
d:\hacker\activity\taiwanholyhigh2021\tamperav\tamperavdrv\tamperavdrv\x64\release\hook.obj
d:\hacker\activity\taiwanholyhigh2021\tamperav\tamperavdrv\tamperavdrv\x64\release\hde64.obj
d:\hacker\activity\taiwanholyhigh2021\tamperav\tamperavdrv\tamperavdrv\x64\release\enumcallback.obj
d:\hacker\activity\taiwanholyhigh2021\infinityhookpro\infinity_hook_pro\x64\release\tamperavdrv.sys
d:\hacker\activity\taiwanholyhigh2021\infinityhookpro\infinity_hook_pro\x64\release\tamperavdrv.pdb
d:\hacker\activity\taiwanholyhigh2021\tamperav\tamperavdrv\x64\release\tamperavdrv.sys
d:\hacker\activity\taiwanholyhigh2021\tamperav\tamperavdrv\x64\release\tamperavdrv.pdb
d:\hacker\activity\taiwanholyhigh2021\infinityhookpro\infinity_hook_pro\tamperavdrv\x64\release\tamperavdrv.inf
d:\hacker\activity\taiwanholyhigh2021\tamperav\tamperavdrv\tamperavdrv\x64\release\tamperavdrv.inf
d:\hacker\activity\taiwanholyhigh2021\tamperav\tamperavdrv\tamperavdrv\x64\release\tamperavdrv.tlog\cl.command.1.tlog
d:\hacker\activity\taiwanholyhigh2021\tamperav\tamperavdrv\tamperavdrv\x64\release\tamperavdrv.tlog\cl.read.1.tlog
d:\hacker\activity\taiwanholyhigh2021\tamperav\tamperavdrv\tamperavdrv\x64\release\tamperavdrv.tlog\cl.write.1.tlog
d:\hacker\activity\taiwanholyhigh2021\tamperav\tamperavdrv\tamperavdrv\x64\release\tamperavdrv.tlog\link.command.1.tlog
d:\hacker\activity\taiwanholyhigh2021\tamperav\tamperavdrv\tamperavdrv\x64\release\tamperavdrv.tlog\link.read.1.tlog
d:\hacker\activity\taiwanholyhigh2021\tamperav\tamperavdrv\tamperavdrv\x64\release\tamperavdrv.tlog\link.write.1.tlog
d:\hacker\activity\taiwanholyhigh2021\tamperav\tamperavdrv\tamperavdrv\x64\release\tamperavdrv.tlog\stampinf.command.1.tlog
d:\hacker\activity\taiwanholyhigh2021\tamperav\tamperavdrv\tamperavdrv\x64\release\tamperavdrv.tlog\stampinf.read.1.tlog
d:\hacker\activity\taiwanholyhigh2021\tamperav\tamperavdrv\tamperavdrv\x64\release\tamperavdrv.tlog\stampinf.write.1.tlog
